[2024-07-31T20:16:42.189+0000] {processor.py:161} INFO - Started process (PID=183) to work on /opt/airflow/dags/p11_dag.py
[2024-07-31T20:16:42.190+0000] {processor.py:830} INFO - Processing file /opt/airflow/dags/p11_dag.py for tasks to queue
[2024-07-31T20:16:42.194+0000] {logging_mixin.py:188} INFO - [2024-07-31T20:16:42.193+0000] {dagbag.py:545} INFO - Filling up the DagBag from /opt/airflow/dags/p11_dag.py
[2024-07-31T20:16:42.230+0000] {processor.py:840} INFO - DAG(s) 'p11_DAG' retrieved from /opt/airflow/dags/p11_dag.py
[2024-07-31T20:16:42.261+0000] {logging_mixin.py:188} INFO - [2024-07-31T20:16:42.261+0000] {dag.py:3089} INFO - Sync 1 DAGs
[2024-07-31T20:16:42.288+0000] {logging_mixin.py:188} INFO - [2024-07-31T20:16:42.288+0000] {dag.py:3947} INFO - Setting next_dagrun for p11_DAG to 2024-07-31 20:12:00+00:00, run_after=2024-07-31 20:15:00+00:00
[2024-07-31T20:16:42.317+0000] {processor.py:183} INFO - Processing /opt/airflow/dags/p11_dag.py took 0.134 seconds
[2024-07-31T20:17:12.524+0000] {processor.py:161} INFO - Started process (PID=196) to work on /opt/airflow/dags/p11_dag.py
[2024-07-31T20:17:12.525+0000] {processor.py:830} INFO - Processing file /opt/airflow/dags/p11_dag.py for tasks to queue
[2024-07-31T20:17:12.526+0000] {logging_mixin.py:188} INFO - [2024-07-31T20:17:12.526+0000] {dagbag.py:545} INFO - Filling up the DagBag from /opt/airflow/dags/p11_dag.py
[2024-07-31T20:17:12.556+0000] {processor.py:840} INFO - DAG(s) 'p11_DAG' retrieved from /opt/airflow/dags/p11_dag.py
[2024-07-31T20:17:12.638+0000] {logging_mixin.py:188} INFO - [2024-07-31T20:17:12.638+0000] {dag.py:3089} INFO - Sync 1 DAGs
[2024-07-31T20:17:12.656+0000] {logging_mixin.py:188} INFO - [2024-07-31T20:17:12.656+0000] {dag.py:3947} INFO - Setting next_dagrun for p11_DAG to 2024-07-31 20:15:00+00:00, run_after=2024-07-31 20:18:00+00:00
[2024-07-31T20:17:12.674+0000] {processor.py:183} INFO - Processing /opt/airflow/dags/p11_dag.py took 0.154 seconds
[2024-07-31T20:17:42.980+0000] {processor.py:161} INFO - Started process (PID=221) to work on /opt/airflow/dags/p11_dag.py
[2024-07-31T20:17:42.981+0000] {processor.py:830} INFO - Processing file /opt/airflow/dags/p11_dag.py for tasks to queue
[2024-07-31T20:17:42.982+0000] {logging_mixin.py:188} INFO - [2024-07-31T20:17:42.982+0000] {dagbag.py:545} INFO - Filling up the DagBag from /opt/airflow/dags/p11_dag.py
[2024-07-31T20:17:43.010+0000] {processor.py:840} INFO - DAG(s) 'p11_DAG' retrieved from /opt/airflow/dags/p11_dag.py
[2024-07-31T20:17:43.034+0000] {logging_mixin.py:188} INFO - [2024-07-31T20:17:43.034+0000] {dag.py:3089} INFO - Sync 1 DAGs
[2024-07-31T20:17:43.053+0000] {logging_mixin.py:188} INFO - [2024-07-31T20:17:43.053+0000] {dag.py:3947} INFO - Setting next_dagrun for p11_DAG to 2024-07-31 20:15:00+00:00, run_after=2024-07-31 20:18:00+00:00
[2024-07-31T20:17:43.076+0000] {processor.py:183} INFO - Processing /opt/airflow/dags/p11_dag.py took 0.100 seconds
[2024-07-31T20:18:13.350+0000] {processor.py:161} INFO - Started process (PID=249) to work on /opt/airflow/dags/p11_dag.py
[2024-07-31T20:18:13.350+0000] {processor.py:830} INFO - Processing file /opt/airflow/dags/p11_dag.py for tasks to queue
[2024-07-31T20:18:13.352+0000] {logging_mixin.py:188} INFO - [2024-07-31T20:18:13.352+0000] {dagbag.py:545} INFO - Filling up the DagBag from /opt/airflow/dags/p11_dag.py
[2024-07-31T20:18:13.381+0000] {processor.py:840} INFO - DAG(s) 'p11_DAG' retrieved from /opt/airflow/dags/p11_dag.py
[2024-07-31T20:18:13.404+0000] {logging_mixin.py:188} INFO - [2024-07-31T20:18:13.404+0000] {dag.py:3089} INFO - Sync 1 DAGs
[2024-07-31T20:18:13.423+0000] {logging_mixin.py:188} INFO - [2024-07-31T20:18:13.423+0000] {dag.py:3947} INFO - Setting next_dagrun for p11_DAG to 2024-07-31 20:18:00+00:00, run_after=2024-07-31 20:21:00+00:00
[2024-07-31T20:18:13.443+0000] {processor.py:183} INFO - Processing /opt/airflow/dags/p11_dag.py took 0.098 seconds
[2024-07-31T20:18:43.736+0000] {processor.py:161} INFO - Started process (PID=259) to work on /opt/airflow/dags/p11_dag.py
[2024-07-31T20:18:43.737+0000] {processor.py:830} INFO - Processing file /opt/airflow/dags/p11_dag.py for tasks to queue
[2024-07-31T20:18:43.739+0000] {logging_mixin.py:188} INFO - [2024-07-31T20:18:43.738+0000] {dagbag.py:545} INFO - Filling up the DagBag from /opt/airflow/dags/p11_dag.py
[2024-07-31T20:18:43.769+0000] {processor.py:840} INFO - DAG(s) 'p11_DAG' retrieved from /opt/airflow/dags/p11_dag.py
[2024-07-31T20:18:43.793+0000] {logging_mixin.py:188} INFO - [2024-07-31T20:18:43.793+0000] {dag.py:3089} INFO - Sync 1 DAGs
[2024-07-31T20:18:43.814+0000] {logging_mixin.py:188} INFO - [2024-07-31T20:18:43.814+0000] {dag.py:3947} INFO - Setting next_dagrun for p11_DAG to 2024-07-31 20:18:00+00:00, run_after=2024-07-31 20:21:00+00:00
[2024-07-31T20:18:43.839+0000] {processor.py:183} INFO - Processing /opt/airflow/dags/p11_dag.py took 0.107 seconds
[2024-07-31T20:19:14.150+0000] {processor.py:161} INFO - Started process (PID=269) to work on /opt/airflow/dags/p11_dag.py
[2024-07-31T20:19:14.151+0000] {processor.py:830} INFO - Processing file /opt/airflow/dags/p11_dag.py for tasks to queue
[2024-07-31T20:19:14.153+0000] {logging_mixin.py:188} INFO - [2024-07-31T20:19:14.153+0000] {dagbag.py:545} INFO - Filling up the DagBag from /opt/airflow/dags/p11_dag.py
[2024-07-31T20:19:14.182+0000] {processor.py:840} INFO - DAG(s) 'p11_DAG' retrieved from /opt/airflow/dags/p11_dag.py
[2024-07-31T20:19:14.206+0000] {logging_mixin.py:188} INFO - [2024-07-31T20:19:14.206+0000] {dag.py:3089} INFO - Sync 1 DAGs
[2024-07-31T20:19:14.226+0000] {logging_mixin.py:188} INFO - [2024-07-31T20:19:14.226+0000] {dag.py:3947} INFO - Setting next_dagrun for p11_DAG to 2024-07-31 20:18:00+00:00, run_after=2024-07-31 20:21:00+00:00
[2024-07-31T20:19:14.247+0000] {processor.py:183} INFO - Processing /opt/airflow/dags/p11_dag.py took 0.102 seconds
[2024-07-31T20:19:44.582+0000] {processor.py:161} INFO - Started process (PID=279) to work on /opt/airflow/dags/p11_dag.py
[2024-07-31T20:19:44.583+0000] {processor.py:830} INFO - Processing file /opt/airflow/dags/p11_dag.py for tasks to queue
[2024-07-31T20:19:44.585+0000] {logging_mixin.py:188} INFO - [2024-07-31T20:19:44.585+0000] {dagbag.py:545} INFO - Filling up the DagBag from /opt/airflow/dags/p11_dag.py
[2024-07-31T20:19:44.617+0000] {processor.py:840} INFO - DAG(s) 'p11_DAG' retrieved from /opt/airflow/dags/p11_dag.py
[2024-07-31T20:19:44.642+0000] {logging_mixin.py:188} INFO - [2024-07-31T20:19:44.642+0000] {dag.py:3089} INFO - Sync 1 DAGs
[2024-07-31T20:19:44.661+0000] {logging_mixin.py:188} INFO - [2024-07-31T20:19:44.660+0000] {dag.py:3947} INFO - Setting next_dagrun for p11_DAG to 2024-07-31 20:18:00+00:00, run_after=2024-07-31 20:21:00+00:00
[2024-07-31T20:19:44.683+0000] {processor.py:183} INFO - Processing /opt/airflow/dags/p11_dag.py took 0.106 seconds
[2024-07-31T20:20:14.969+0000] {processor.py:161} INFO - Started process (PID=289) to work on /opt/airflow/dags/p11_dag.py
[2024-07-31T20:20:14.970+0000] {processor.py:830} INFO - Processing file /opt/airflow/dags/p11_dag.py for tasks to queue
[2024-07-31T20:20:14.972+0000] {logging_mixin.py:188} INFO - [2024-07-31T20:20:14.972+0000] {dagbag.py:545} INFO - Filling up the DagBag from /opt/airflow/dags/p11_dag.py
[2024-07-31T20:20:15.002+0000] {processor.py:840} INFO - DAG(s) 'p11_DAG' retrieved from /opt/airflow/dags/p11_dag.py
[2024-07-31T20:20:15.024+0000] {logging_mixin.py:188} INFO - [2024-07-31T20:20:15.024+0000] {dag.py:3089} INFO - Sync 1 DAGs
[2024-07-31T20:20:15.044+0000] {logging_mixin.py:188} INFO - [2024-07-31T20:20:15.044+0000] {dag.py:3947} INFO - Setting next_dagrun for p11_DAG to 2024-07-31 20:18:00+00:00, run_after=2024-07-31 20:21:00+00:00
[2024-07-31T20:20:15.069+0000] {processor.py:183} INFO - Processing /opt/airflow/dags/p11_dag.py took 0.104 seconds
[2024-07-31T20:20:45.334+0000] {processor.py:161} INFO - Started process (PID=299) to work on /opt/airflow/dags/p11_dag.py
[2024-07-31T20:20:45.335+0000] {processor.py:830} INFO - Processing file /opt/airflow/dags/p11_dag.py for tasks to queue
[2024-07-31T20:20:45.337+0000] {logging_mixin.py:188} INFO - [2024-07-31T20:20:45.337+0000] {dagbag.py:545} INFO - Filling up the DagBag from /opt/airflow/dags/p11_dag.py
[2024-07-31T20:20:45.368+0000] {processor.py:840} INFO - DAG(s) 'p11_DAG' retrieved from /opt/airflow/dags/p11_dag.py
[2024-07-31T20:20:45.388+0000] {logging_mixin.py:188} INFO - [2024-07-31T20:20:45.387+0000] {dag.py:3089} INFO - Sync 1 DAGs
[2024-07-31T20:20:45.406+0000] {logging_mixin.py:188} INFO - [2024-07-31T20:20:45.405+0000] {dag.py:3947} INFO - Setting next_dagrun for p11_DAG to 2024-07-31 20:18:00+00:00, run_after=2024-07-31 20:21:00+00:00
[2024-07-31T20:20:45.428+0000] {processor.py:183} INFO - Processing /opt/airflow/dags/p11_dag.py took 0.098 seconds
[2024-07-31T20:21:15.837+0000] {processor.py:161} INFO - Started process (PID=327) to work on /opt/airflow/dags/p11_dag.py
[2024-07-31T20:21:15.838+0000] {processor.py:830} INFO - Processing file /opt/airflow/dags/p11_dag.py for tasks to queue
[2024-07-31T20:21:15.839+0000] {logging_mixin.py:188} INFO - [2024-07-31T20:21:15.839+0000] {dagbag.py:545} INFO - Filling up the DagBag from /opt/airflow/dags/p11_dag.py
[2024-07-31T20:21:15.870+0000] {processor.py:840} INFO - DAG(s) 'p11_DAG' retrieved from /opt/airflow/dags/p11_dag.py
[2024-07-31T20:21:15.893+0000] {logging_mixin.py:188} INFO - [2024-07-31T20:21:15.893+0000] {dag.py:3089} INFO - Sync 1 DAGs
[2024-07-31T20:21:15.913+0000] {logging_mixin.py:188} INFO - [2024-07-31T20:21:15.913+0000] {dag.py:3947} INFO - Setting next_dagrun for p11_DAG to 2024-07-31 20:21:00+00:00, run_after=2024-07-31 20:24:00+00:00
[2024-07-31T20:21:15.936+0000] {processor.py:183} INFO - Processing /opt/airflow/dags/p11_dag.py took 0.104 seconds
[2024-07-31T20:21:46.391+0000] {processor.py:161} INFO - Started process (PID=337) to work on /opt/airflow/dags/p11_dag.py
[2024-07-31T20:21:46.392+0000] {processor.py:830} INFO - Processing file /opt/airflow/dags/p11_dag.py for tasks to queue
[2024-07-31T20:21:46.395+0000] {logging_mixin.py:188} INFO - [2024-07-31T20:21:46.394+0000] {dagbag.py:545} INFO - Filling up the DagBag from /opt/airflow/dags/p11_dag.py
[2024-07-31T20:21:46.425+0000] {processor.py:840} INFO - DAG(s) 'p11_DAG' retrieved from /opt/airflow/dags/p11_dag.py
[2024-07-31T20:21:46.448+0000] {logging_mixin.py:188} INFO - [2024-07-31T20:21:46.448+0000] {dag.py:3089} INFO - Sync 1 DAGs
[2024-07-31T20:21:46.468+0000] {logging_mixin.py:188} INFO - [2024-07-31T20:21:46.468+0000] {dag.py:3947} INFO - Setting next_dagrun for p11_DAG to 2024-07-31 20:21:00+00:00, run_after=2024-07-31 20:24:00+00:00
[2024-07-31T20:21:46.589+0000] {processor.py:183} INFO - Processing /opt/airflow/dags/p11_dag.py took 0.202 seconds
