[2024-07-31T20:16:42.194+0000] {processor.py:161} INFO - Started process (PID=186) to work on /opt/airflow/dags/p1_DAG.py
[2024-07-31T20:16:42.195+0000] {processor.py:830} INFO - Processing file /opt/airflow/dags/p1_DAG.py for tasks to queue
[2024-07-31T20:16:42.197+0000] {logging_mixin.py:188} INFO - [2024-07-31T20:16:42.197+0000] {dagbag.py:545} INFO - Filling up the DagBag from /opt/airflow/dags/p1_DAG.py
[2024-07-31T20:16:42.231+0000] {processor.py:840} INFO - DAG(s) 'p1_DAG' retrieved from /opt/airflow/dags/p1_DAG.py
[2024-07-31T20:16:42.261+0000] {logging_mixin.py:188} INFO - [2024-07-31T20:16:42.261+0000] {dag.py:3089} INFO - Sync 1 DAGs
[2024-07-31T20:16:42.288+0000] {logging_mixin.py:188} INFO - [2024-07-31T20:16:42.288+0000] {dag.py:3947} INFO - Setting next_dagrun for p1_DAG to 2024-07-31 20:12:00+00:00, run_after=2024-07-31 20:15:00+00:00
[2024-07-31T20:16:42.315+0000] {processor.py:183} INFO - Processing /opt/airflow/dags/p1_DAG.py took 0.126 seconds
[2024-07-31T20:17:12.530+0000] {processor.py:161} INFO - Started process (PID=199) to work on /opt/airflow/dags/p1_DAG.py
[2024-07-31T20:17:12.531+0000] {processor.py:830} INFO - Processing file /opt/airflow/dags/p1_DAG.py for tasks to queue
[2024-07-31T20:17:12.533+0000] {logging_mixin.py:188} INFO - [2024-07-31T20:17:12.533+0000] {dagbag.py:545} INFO - Filling up the DagBag from /opt/airflow/dags/p1_DAG.py
[2024-07-31T20:17:12.561+0000] {processor.py:840} INFO - DAG(s) 'p1_DAG' retrieved from /opt/airflow/dags/p1_DAG.py
[2024-07-31T20:17:12.638+0000] {logging_mixin.py:188} INFO - [2024-07-31T20:17:12.638+0000] {dag.py:3089} INFO - Sync 1 DAGs
[2024-07-31T20:17:12.656+0000] {logging_mixin.py:188} INFO - [2024-07-31T20:17:12.656+0000] {dag.py:3947} INFO - Setting next_dagrun for p1_DAG to 2024-07-31 20:12:00+00:00, run_after=2024-07-31 20:15:00+00:00
[2024-07-31T20:17:12.676+0000] {processor.py:183} INFO - Processing /opt/airflow/dags/p1_DAG.py took 0.150 seconds
[2024-07-31T20:17:42.987+0000] {processor.py:161} INFO - Started process (PID=224) to work on /opt/airflow/dags/p1_DAG.py
[2024-07-31T20:17:42.987+0000] {processor.py:830} INFO - Processing file /opt/airflow/dags/p1_DAG.py for tasks to queue
[2024-07-31T20:17:42.989+0000] {logging_mixin.py:188} INFO - [2024-07-31T20:17:42.989+0000] {dagbag.py:545} INFO - Filling up the DagBag from /opt/airflow/dags/p1_DAG.py
[2024-07-31T20:17:43.021+0000] {processor.py:840} INFO - DAG(s) 'p1_DAG' retrieved from /opt/airflow/dags/p1_DAG.py
[2024-07-31T20:17:43.043+0000] {logging_mixin.py:188} INFO - [2024-07-31T20:17:43.043+0000] {dag.py:3089} INFO - Sync 1 DAGs
[2024-07-31T20:17:43.061+0000] {logging_mixin.py:188} INFO - [2024-07-31T20:17:43.060+0000] {dag.py:3947} INFO - Setting next_dagrun for p1_DAG to 2024-07-31 20:15:00+00:00, run_after=2024-07-31 20:18:00+00:00
[2024-07-31T20:17:43.082+0000] {processor.py:183} INFO - Processing /opt/airflow/dags/p1_DAG.py took 0.099 seconds
[2024-07-31T20:18:13.355+0000] {processor.py:161} INFO - Started process (PID=252) to work on /opt/airflow/dags/p1_DAG.py
[2024-07-31T20:18:13.355+0000] {processor.py:830} INFO - Processing file /opt/airflow/dags/p1_DAG.py for tasks to queue
[2024-07-31T20:18:13.357+0000] {logging_mixin.py:188} INFO - [2024-07-31T20:18:13.357+0000] {dagbag.py:545} INFO - Filling up the DagBag from /opt/airflow/dags/p1_DAG.py
[2024-07-31T20:18:13.388+0000] {processor.py:840} INFO - DAG(s) 'p1_DAG' retrieved from /opt/airflow/dags/p1_DAG.py
[2024-07-31T20:18:13.409+0000] {logging_mixin.py:188} INFO - [2024-07-31T20:18:13.408+0000] {dag.py:3089} INFO - Sync 1 DAGs
[2024-07-31T20:18:13.426+0000] {logging_mixin.py:188} INFO - [2024-07-31T20:18:13.426+0000] {dag.py:3947} INFO - Setting next_dagrun for p1_DAG to 2024-07-31 20:18:00+00:00, run_after=2024-07-31 20:21:00+00:00
[2024-07-31T20:18:13.445+0000] {processor.py:183} INFO - Processing /opt/airflow/dags/p1_DAG.py took 0.094 seconds
[2024-07-31T20:18:43.743+0000] {processor.py:161} INFO - Started process (PID=262) to work on /opt/airflow/dags/p1_DAG.py
[2024-07-31T20:18:43.744+0000] {processor.py:830} INFO - Processing file /opt/airflow/dags/p1_DAG.py for tasks to queue
[2024-07-31T20:18:43.745+0000] {logging_mixin.py:188} INFO - [2024-07-31T20:18:43.745+0000] {dagbag.py:545} INFO - Filling up the DagBag from /opt/airflow/dags/p1_DAG.py
[2024-07-31T20:18:43.773+0000] {processor.py:840} INFO - DAG(s) 'p1_DAG' retrieved from /opt/airflow/dags/p1_DAG.py
[2024-07-31T20:18:43.796+0000] {logging_mixin.py:188} INFO - [2024-07-31T20:18:43.796+0000] {dag.py:3089} INFO - Sync 1 DAGs
[2024-07-31T20:18:43.816+0000] {logging_mixin.py:188} INFO - [2024-07-31T20:18:43.816+0000] {dag.py:3947} INFO - Setting next_dagrun for p1_DAG to 2024-07-31 20:18:00+00:00, run_after=2024-07-31 20:21:00+00:00
[2024-07-31T20:18:43.838+0000] {processor.py:183} INFO - Processing /opt/airflow/dags/p1_DAG.py took 0.100 seconds
[2024-07-31T20:19:14.154+0000] {processor.py:161} INFO - Started process (PID=272) to work on /opt/airflow/dags/p1_DAG.py
[2024-07-31T20:19:14.155+0000] {processor.py:830} INFO - Processing file /opt/airflow/dags/p1_DAG.py for tasks to queue
[2024-07-31T20:19:14.157+0000] {logging_mixin.py:188} INFO - [2024-07-31T20:19:14.156+0000] {dagbag.py:545} INFO - Filling up the DagBag from /opt/airflow/dags/p1_DAG.py
[2024-07-31T20:19:14.186+0000] {processor.py:840} INFO - DAG(s) 'p1_DAG' retrieved from /opt/airflow/dags/p1_DAG.py
[2024-07-31T20:19:14.207+0000] {logging_mixin.py:188} INFO - [2024-07-31T20:19:14.207+0000] {dag.py:3089} INFO - Sync 1 DAGs
[2024-07-31T20:19:14.226+0000] {logging_mixin.py:188} INFO - [2024-07-31T20:19:14.226+0000] {dag.py:3947} INFO - Setting next_dagrun for p1_DAG to 2024-07-31 20:18:00+00:00, run_after=2024-07-31 20:21:00+00:00
[2024-07-31T20:19:14.245+0000] {processor.py:183} INFO - Processing /opt/airflow/dags/p1_DAG.py took 0.095 seconds
[2024-07-31T20:19:44.588+0000] {processor.py:161} INFO - Started process (PID=282) to work on /opt/airflow/dags/p1_DAG.py
[2024-07-31T20:19:44.589+0000] {processor.py:830} INFO - Processing file /opt/airflow/dags/p1_DAG.py for tasks to queue
[2024-07-31T20:19:44.590+0000] {logging_mixin.py:188} INFO - [2024-07-31T20:19:44.590+0000] {dagbag.py:545} INFO - Filling up the DagBag from /opt/airflow/dags/p1_DAG.py
[2024-07-31T20:19:44.620+0000] {processor.py:840} INFO - DAG(s) 'p1_DAG' retrieved from /opt/airflow/dags/p1_DAG.py
[2024-07-31T20:19:44.643+0000] {logging_mixin.py:188} INFO - [2024-07-31T20:19:44.642+0000] {dag.py:3089} INFO - Sync 1 DAGs
[2024-07-31T20:19:44.662+0000] {logging_mixin.py:188} INFO - [2024-07-31T20:19:44.662+0000] {dag.py:3947} INFO - Setting next_dagrun for p1_DAG to 2024-07-31 20:18:00+00:00, run_after=2024-07-31 20:21:00+00:00
[2024-07-31T20:19:44.684+0000] {processor.py:183} INFO - Processing /opt/airflow/dags/p1_DAG.py took 0.100 seconds
[2024-07-31T20:20:14.973+0000] {processor.py:161} INFO - Started process (PID=292) to work on /opt/airflow/dags/p1_DAG.py
[2024-07-31T20:20:14.974+0000] {processor.py:830} INFO - Processing file /opt/airflow/dags/p1_DAG.py for tasks to queue
[2024-07-31T20:20:14.976+0000] {logging_mixin.py:188} INFO - [2024-07-31T20:20:14.975+0000] {dagbag.py:545} INFO - Filling up the DagBag from /opt/airflow/dags/p1_DAG.py
[2024-07-31T20:20:15.004+0000] {processor.py:840} INFO - DAG(s) 'p1_DAG' retrieved from /opt/airflow/dags/p1_DAG.py
[2024-07-31T20:20:15.024+0000] {logging_mixin.py:188} INFO - [2024-07-31T20:20:15.024+0000] {dag.py:3089} INFO - Sync 1 DAGs
[2024-07-31T20:20:15.044+0000] {logging_mixin.py:188} INFO - [2024-07-31T20:20:15.044+0000] {dag.py:3947} INFO - Setting next_dagrun for p1_DAG to 2024-07-31 20:18:00+00:00, run_after=2024-07-31 20:21:00+00:00
[2024-07-31T20:20:15.067+0000] {processor.py:183} INFO - Processing /opt/airflow/dags/p1_DAG.py took 0.098 seconds
[2024-07-31T20:20:45.342+0000] {processor.py:161} INFO - Started process (PID=302) to work on /opt/airflow/dags/p1_DAG.py
[2024-07-31T20:20:45.343+0000] {processor.py:830} INFO - Processing file /opt/airflow/dags/p1_DAG.py for tasks to queue
[2024-07-31T20:20:45.344+0000] {logging_mixin.py:188} INFO - [2024-07-31T20:20:45.344+0000] {dagbag.py:545} INFO - Filling up the DagBag from /opt/airflow/dags/p1_DAG.py
[2024-07-31T20:20:45.377+0000] {processor.py:840} INFO - DAG(s) 'p1_DAG' retrieved from /opt/airflow/dags/p1_DAG.py
[2024-07-31T20:20:45.399+0000] {logging_mixin.py:188} INFO - [2024-07-31T20:20:45.398+0000] {dag.py:3089} INFO - Sync 1 DAGs
[2024-07-31T20:20:45.417+0000] {logging_mixin.py:188} INFO - [2024-07-31T20:20:45.417+0000] {dag.py:3947} INFO - Setting next_dagrun for p1_DAG to 2024-07-31 20:18:00+00:00, run_after=2024-07-31 20:21:00+00:00
[2024-07-31T20:20:45.436+0000] {processor.py:183} INFO - Processing /opt/airflow/dags/p1_DAG.py took 0.098 seconds
[2024-07-31T20:21:15.844+0000] {processor.py:161} INFO - Started process (PID=330) to work on /opt/airflow/dags/p1_DAG.py
[2024-07-31T20:21:15.844+0000] {processor.py:830} INFO - Processing file /opt/airflow/dags/p1_DAG.py for tasks to queue
[2024-07-31T20:21:15.846+0000] {logging_mixin.py:188} INFO - [2024-07-31T20:21:15.846+0000] {dagbag.py:545} INFO - Filling up the DagBag from /opt/airflow/dags/p1_DAG.py
[2024-07-31T20:21:15.875+0000] {processor.py:840} INFO - DAG(s) 'p1_DAG' retrieved from /opt/airflow/dags/p1_DAG.py
[2024-07-31T20:21:15.896+0000] {logging_mixin.py:188} INFO - [2024-07-31T20:21:15.896+0000] {dag.py:3089} INFO - Sync 1 DAGs
[2024-07-31T20:21:15.914+0000] {logging_mixin.py:188} INFO - [2024-07-31T20:21:15.914+0000] {dag.py:3947} INFO - Setting next_dagrun for p1_DAG to 2024-07-31 20:21:00+00:00, run_after=2024-07-31 20:24:00+00:00
[2024-07-31T20:21:15.937+0000] {processor.py:183} INFO - Processing /opt/airflow/dags/p1_DAG.py took 0.097 seconds
[2024-07-31T20:21:46.396+0000] {processor.py:161} INFO - Started process (PID=340) to work on /opt/airflow/dags/p1_DAG.py
[2024-07-31T20:21:46.398+0000] {processor.py:830} INFO - Processing file /opt/airflow/dags/p1_DAG.py for tasks to queue
[2024-07-31T20:21:46.399+0000] {logging_mixin.py:188} INFO - [2024-07-31T20:21:46.399+0000] {dagbag.py:545} INFO - Filling up the DagBag from /opt/airflow/dags/p1_DAG.py
[2024-07-31T20:21:46.428+0000] {processor.py:840} INFO - DAG(s) 'p1_DAG' retrieved from /opt/airflow/dags/p1_DAG.py
[2024-07-31T20:21:46.450+0000] {logging_mixin.py:188} INFO - [2024-07-31T20:21:46.449+0000] {dag.py:3089} INFO - Sync 1 DAGs
[2024-07-31T20:21:46.470+0000] {logging_mixin.py:188} INFO - [2024-07-31T20:21:46.470+0000] {dag.py:3947} INFO - Setting next_dagrun for p1_DAG to 2024-07-31 20:21:00+00:00, run_after=2024-07-31 20:24:00+00:00
[2024-07-31T20:21:46.590+0000] {processor.py:183} INFO - Processing /opt/airflow/dags/p1_DAG.py took 0.197 seconds
