[2024-07-31T20:17:12.201+0000] {local_task_job_runner.py:120} INFO - ::group::Pre task execution logs
[2024-07-31T20:17:12.225+0000] {taskinstance.py:2076} INFO - Dependencies all met for dep_context=non-requeueable deps ti=<TaskInstance: p11_DAG.Bash_task scheduled__2024-07-31T20:12:00+00:00 [queued]>
[2024-07-31T20:17:12.232+0000] {taskinstance.py:2076} INFO - Dependencies all met for dep_context=requeueable deps ti=<TaskInstance: p11_DAG.Bash_task scheduled__2024-07-31T20:12:00+00:00 [queued]>
[2024-07-31T20:17:12.234+0000] {taskinstance.py:2306} INFO - Starting attempt 1 of 1
[2024-07-31T20:17:12.245+0000] {taskinstance.py:2330} INFO - Executing <Task(BashOperator): Bash_task> on 2024-07-31 20:12:00+00:00
[2024-07-31T20:17:12.248+0000] {standard_task_runner.py:64} INFO - Started process 194 to run task
[2024-07-31T20:17:12.251+0000] {standard_task_runner.py:90} INFO - Running: ['airflow', 'tasks', 'run', 'p11_DAG', 'Bash_task', 'scheduled__2024-07-31T20:12:00+00:00', '--job-id', '2', '--raw', '--subdir', 'DAGS_FOLDER/p11_dag.py', '--cfg-path', '/tmp/tmpny9kl1j9']
[2024-07-31T20:17:12.253+0000] {standard_task_runner.py:91} INFO - Job 2: Subtask Bash_task
[2024-07-31T20:17:12.297+0000] {task_command.py:426} INFO - Running <TaskInstance: p11_DAG.Bash_task scheduled__2024-07-31T20:12:00+00:00 [running]> on host cd5f98533ee2
[2024-07-31T20:17:12.366+0000] {taskinstance.py:2648} INFO - Exporting env vars: AIRFLOW_CTX_DAG_OWNER='airflow' AIRFLOW_CTX_DAG_ID='p11_DAG' AIRFLOW_CTX_TASK_ID='Bash_task' AIRFLOW_CTX_EXECUTION_DATE='2024-07-31T20:12:00+00:00' AIRFLOW_CTX_TRY_NUMBER='1' AIRFLOW_CTX_DAG_RUN_ID='scheduled__2024-07-31T20:12:00+00:00'
[2024-07-31T20:17:12.367+0000] {taskinstance.py:430} INFO - ::endgroup::
[2024-07-31T20:17:12.389+0000] {subprocess.py:63} INFO - Tmp dir root location: /tmp
[2024-07-31T20:17:12.390+0000] {subprocess.py:75} INFO - Running command: ['/usr/bin/bash', '-c', 'python $AIRFLOW_HOME/dags/scripts/pipeline2.py']
[2024-07-31T20:17:12.398+0000] {subprocess.py:86} INFO - Output:
[2024-07-31T20:17:12.435+0000] {subprocess.py:93} INFO - Transforming...
[2024-07-31T20:17:12.436+0000] {subprocess.py:93} INFO - Finished.
[2024-07-31T20:17:12.438+0000] {subprocess.py:97} INFO - Command exited with return code 0
[2024-07-31T20:17:12.438+0000] {taskinstance.py:441} INFO - ::group::Post task execution logs
[2024-07-31T20:17:12.461+0000] {taskinstance.py:1206} INFO - Marking task as SUCCESS. dag_id=p11_DAG, task_id=Bash_task, run_id=scheduled__2024-07-31T20:12:00+00:00, execution_date=20240731T201200, start_date=20240731T201712, end_date=20240731T201712
[2024-07-31T20:17:12.505+0000] {local_task_job_runner.py:243} INFO - Task exited with return code 0
[2024-07-31T20:17:12.521+0000] {taskinstance.py:3503} INFO - 0 downstream tasks scheduled from follow-on schedule check
[2024-07-31T20:17:12.524+0000] {local_task_job_runner.py:222} INFO - ::endgroup::
