[2024-07-31T20:17:13.393+0000] {local_task_job_runner.py:120} INFO - ::group::Pre task execution logs
[2024-07-31T20:17:13.417+0000] {taskinstance.py:2076} INFO - Dependencies all met for dep_context=non-requeueable deps ti=<TaskInstance: p1_DAG.Bash_task scheduled__2024-07-31T20:12:00+00:00 [queued]>
[2024-07-31T20:17:13.423+0000] {taskinstance.py:2076} INFO - Dependencies all met for dep_context=requeueable deps ti=<TaskInstance: p1_DAG.Bash_task scheduled__2024-07-31T20:12:00+00:00 [queued]>
[2024-07-31T20:17:13.425+0000] {taskinstance.py:2306} INFO - Starting attempt 1 of 1
[2024-07-31T20:17:13.434+0000] {taskinstance.py:2330} INFO - Executing <Task(BashOperator): Bash_task> on 2024-07-31 20:12:00+00:00
[2024-07-31T20:17:13.437+0000] {standard_task_runner.py:64} INFO - Started process 207 to run task
[2024-07-31T20:17:13.440+0000] {standard_task_runner.py:90} INFO - Running: ['airflow', 'tasks', 'run', 'p1_DAG', 'Bash_task', 'scheduled__2024-07-31T20:12:00+00:00', '--job-id', '3', '--raw', '--subdir', 'DAGS_FOLDER/p1_DAG.py', '--cfg-path', '/tmp/tmp8j34k3hm']
[2024-07-31T20:17:13.442+0000] {standard_task_runner.py:91} INFO - Job 3: Subtask Bash_task
[2024-07-31T20:17:13.484+0000] {task_command.py:426} INFO - Running <TaskInstance: p1_DAG.Bash_task scheduled__2024-07-31T20:12:00+00:00 [running]> on host cd5f98533ee2
[2024-07-31T20:17:13.550+0000] {taskinstance.py:2648} INFO - Exporting env vars: AIRFLOW_CTX_DAG_OWNER='airflow' AIRFLOW_CTX_DAG_ID='p1_DAG' AIRFLOW_CTX_TASK_ID='Bash_task' AIRFLOW_CTX_EXECUTION_DATE='2024-07-31T20:12:00+00:00' AIRFLOW_CTX_TRY_NUMBER='1' AIRFLOW_CTX_DAG_RUN_ID='scheduled__2024-07-31T20:12:00+00:00'
[2024-07-31T20:17:13.551+0000] {taskinstance.py:430} INFO - ::endgroup::
[2024-07-31T20:17:13.559+0000] {subprocess.py:63} INFO - Tmp dir root location: /tmp
[2024-07-31T20:17:13.560+0000] {subprocess.py:75} INFO - Running command: ['/usr/bin/bash', '-c', 'python $AIRFLOW_HOME/dags/scripts/pipeline1.py']
[2024-07-31T20:17:13.567+0000] {subprocess.py:86} INFO - Output:
[2024-07-31T20:17:14.763+0000] {subprocess.py:93} INFO - Transforming...
[2024-07-31T20:17:14.764+0000] {subprocess.py:93} INFO - Loading...
[2024-07-31T20:17:14.764+0000] {subprocess.py:93} INFO - Finished.
[2024-07-31T20:17:14.834+0000] {subprocess.py:97} INFO - Command exited with return code 0
[2024-07-31T20:17:14.835+0000] {taskinstance.py:441} INFO - ::group::Post task execution logs
[2024-07-31T20:17:14.854+0000] {taskinstance.py:1206} INFO - Marking task as SUCCESS. dag_id=p1_DAG, task_id=Bash_task, run_id=scheduled__2024-07-31T20:12:00+00:00, execution_date=20240731T201200, start_date=20240731T201713, end_date=20240731T201714
[2024-07-31T20:17:14.900+0000] {local_task_job_runner.py:243} INFO - Task exited with return code 0
[2024-07-31T20:17:14.914+0000] {taskinstance.py:3503} INFO - 0 downstream tasks scheduled from follow-on schedule check
[2024-07-31T20:17:14.919+0000] {local_task_job_runner.py:222} INFO - ::endgroup::
