[2024-07-31T20:16:41.967+0000] {manager.py:470} INFO - Processing files using up to 2 processes at a time 
[2024-07-31T20:16:41.969+0000] {manager.py:471} INFO - Process each file at most once every 30 seconds
[2024-07-31T20:16:41.971+0000] {manager.py:472} INFO - Checking for new files in /opt/airflow/dags every 300 seconds
[2024-07-31T20:16:41.974+0000] {manager.py:737} INFO - Searching for files in /opt/airflow/dags
[2024-07-31T20:16:42.091+0000] {manager.py:740} INFO - There are 2 files in /opt/airflow/dags
[2024-07-31T20:16:42.202+0000] {manager.py:878} INFO - 
================================================================================
DAG File Processing Stats

File Path                       PID  Runtime      # DAGs    # Errors  Last Runtime    Last Run
----------------------------  -----  ---------  --------  ----------  --------------  ----------
/opt/airflow/dags/p11_dag.py    183  0.05s             0           0
/opt/airflow/dags/p1_DAG.py     186  0.04s             0           0
================================================================================
[2024-07-31T20:17:12.513+0000] {manager.py:878} INFO - 
================================================================================
DAG File Processing Stats

File Path                       PID  Runtime      # DAGs    # Errors  Last Runtime    Last Run
----------------------------  -----  ---------  --------  ----------  --------------  -------------------
/opt/airflow/dags/p11_dag.py    196  0.02s             1           0  0.18s           2024-07-31T20:16:42
/opt/airflow/dags/p1_DAG.py     199  0.00s             1           0  0.16s           2024-07-31T20:16:42
================================================================================
[2024-07-31T20:17:42.968+0000] {manager.py:878} INFO - 
================================================================================
DAG File Processing Stats

File Path                       PID  Runtime      # DAGs    # Errors  Last Runtime    Last Run
----------------------------  -----  ---------  --------  ----------  --------------  -------------------
/opt/airflow/dags/p11_dag.py    221  0.02s             1           0  0.19s           2024-07-31T20:17:12
/opt/airflow/dags/p1_DAG.py     224  0.00s             1           0  0.18s           2024-07-31T20:17:12
================================================================================
[2024-07-31T20:18:13.337+0000] {manager.py:878} INFO - 
================================================================================
DAG File Processing Stats

File Path                       PID  Runtime      # DAGs    # Errors  Last Runtime    Last Run
----------------------------  -----  ---------  --------  ----------  --------------  -------------------
/opt/airflow/dags/p11_dag.py    249  0.02s             1           0  0.14s           2024-07-31T20:17:43
/opt/airflow/dags/p1_DAG.py     252  0.00s             1           0  0.13s           2024-07-31T20:17:43
================================================================================
[2024-07-31T20:18:43.725+0000] {manager.py:878} INFO - 
================================================================================
DAG File Processing Stats

File Path                       PID  Runtime      # DAGs    # Errors  Last Runtime    Last Run
----------------------------  -----  ---------  --------  ----------  --------------  -------------------
/opt/airflow/dags/p11_dag.py    259  0.02s             1           0  0.14s           2024-07-31T20:18:13
/opt/airflow/dags/p1_DAG.py     262  0.00s             1           0  0.12s           2024-07-31T20:18:13
================================================================================
[2024-07-31T20:19:14.138+0000] {manager.py:878} INFO - 
================================================================================
DAG File Processing Stats

File Path                       PID  Runtime      # DAGs    # Errors  Last Runtime    Last Run
----------------------------  -----  ---------  --------  ----------  --------------  -------------------
/opt/airflow/dags/p11_dag.py    269  0.02s             1           0  0.14s           2024-07-31T20:18:43
/opt/airflow/dags/p1_DAG.py     272  0.00s             1           0  0.13s           2024-07-31T20:18:43
================================================================================
[2024-07-31T20:19:44.570+0000] {manager.py:878} INFO - 
================================================================================
DAG File Processing Stats

File Path                       PID  Runtime      # DAGs    # Errors  Last Runtime    Last Run
----------------------------  -----  ---------  --------  ----------  --------------  -------------------
/opt/airflow/dags/p11_dag.py    279  0.02s             1           0  0.14s           2024-07-31T20:19:14
/opt/airflow/dags/p1_DAG.py     282  0.00s             1           0  0.12s           2024-07-31T20:19:14
================================================================================
[2024-07-31T20:20:14.957+0000] {manager.py:878} INFO - 
================================================================================
DAG File Processing Stats

File Path                       PID  Runtime      # DAGs    # Errors  Last Runtime    Last Run
----------------------------  -----  ---------  --------  ----------  --------------  -------------------
/opt/airflow/dags/p11_dag.py    289  0.02s             1           0  0.14s           2024-07-31T20:19:44
/opt/airflow/dags/p1_DAG.py     292  0.00s             1           0  0.13s           2024-07-31T20:19:44
================================================================================
[2024-07-31T20:20:45.324+0000] {manager.py:878} INFO - 
================================================================================
DAG File Processing Stats

File Path                       PID  Runtime      # DAGs    # Errors  Last Runtime    Last Run
----------------------------  -----  ---------  --------  ----------  --------------  -------------------
/opt/airflow/dags/p11_dag.py    299  0.02s             1           0  0.14s           2024-07-31T20:20:15
/opt/airflow/dags/p1_DAG.py     302  0.00s             1           0  0.12s           2024-07-31T20:20:15
================================================================================
[2024-07-31T20:21:15.826+0000] {manager.py:878} INFO - 
================================================================================
DAG File Processing Stats

File Path                       PID  Runtime      # DAGs    # Errors  Last Runtime    Last Run
----------------------------  -----  ---------  --------  ----------  --------------  -------------------
/opt/airflow/dags/p11_dag.py    327  0.02s             1           0  0.13s           2024-07-31T20:20:45
/opt/airflow/dags/p1_DAG.py     330  0.00s             1           0  0.12s           2024-07-31T20:20:45
================================================================================
[2024-07-31T20:21:42.147+0000] {manager.py:737} INFO - Searching for files in /opt/airflow/dags
[2024-07-31T20:21:42.269+0000] {manager.py:740} INFO - There are 2 files in /opt/airflow/dags
