[2024-07-31T20:18:00.883+0000] {local_task_job_runner.py:120} INFO - ::group::Pre task execution logs
[2024-07-31T20:18:00.912+0000] {taskinstance.py:2076} INFO - Dependencies all met for dep_context=non-requeueable deps ti=<TaskInstance: p11_DAG.Bash_task scheduled__2024-07-31T20:15:00+00:00 [queued]>
[2024-07-31T20:18:00.920+0000] {taskinstance.py:2076} INFO - Dependencies all met for dep_context=requeueable deps ti=<TaskInstance: p11_DAG.Bash_task scheduled__2024-07-31T20:15:00+00:00 [queued]>
[2024-07-31T20:18:00.921+0000] {taskinstance.py:2306} INFO - Starting attempt 1 of 1
[2024-07-31T20:18:00.936+0000] {taskinstance.py:2330} INFO - Executing <Task(BashOperator): Bash_task> on 2024-07-31 20:15:00+00:00
[2024-07-31T20:18:00.940+0000] {standard_task_runner.py:64} INFO - Started process 234 to run task
[2024-07-31T20:18:00.942+0000] {standard_task_runner.py:90} INFO - Running: ['airflow', 'tasks', 'run', 'p11_DAG', 'Bash_task', 'scheduled__2024-07-31T20:15:00+00:00', '--job-id', '4', '--raw', '--subdir', 'DAGS_FOLDER/p11_dag.py', '--cfg-path', '/tmp/tmpy28tlczp']
[2024-07-31T20:18:00.944+0000] {standard_task_runner.py:91} INFO - Job 4: Subtask Bash_task
[2024-07-31T20:18:00.989+0000] {task_command.py:426} INFO - Running <TaskInstance: p11_DAG.Bash_task scheduled__2024-07-31T20:15:00+00:00 [running]> on host cd5f98533ee2
[2024-07-31T20:18:01.073+0000] {taskinstance.py:2648} INFO - Exporting env vars: AIRFLOW_CTX_DAG_OWNER='airflow' AIRFLOW_CTX_DAG_ID='p11_DAG' AIRFLOW_CTX_TASK_ID='Bash_task' AIRFLOW_CTX_EXECUTION_DATE='2024-07-31T20:15:00+00:00' AIRFLOW_CTX_TRY_NUMBER='1' AIRFLOW_CTX_DAG_RUN_ID='scheduled__2024-07-31T20:15:00+00:00'
[2024-07-31T20:18:01.074+0000] {taskinstance.py:430} INFO - ::endgroup::
[2024-07-31T20:18:01.083+0000] {subprocess.py:63} INFO - Tmp dir root location: /tmp
[2024-07-31T20:18:01.084+0000] {subprocess.py:75} INFO - Running command: ['/usr/bin/bash', '-c', 'python $AIRFLOW_HOME/dags/scripts/pipeline2.py']
[2024-07-31T20:18:01.093+0000] {subprocess.py:86} INFO - Output:
[2024-07-31T20:18:01.123+0000] {subprocess.py:93} INFO - Transforming...
[2024-07-31T20:18:01.124+0000] {subprocess.py:93} INFO - Finished.
[2024-07-31T20:18:01.126+0000] {subprocess.py:97} INFO - Command exited with return code 0
[2024-07-31T20:18:01.126+0000] {taskinstance.py:441} INFO - ::group::Post task execution logs
[2024-07-31T20:18:01.151+0000] {taskinstance.py:1206} INFO - Marking task as SUCCESS. dag_id=p11_DAG, task_id=Bash_task, run_id=scheduled__2024-07-31T20:15:00+00:00, execution_date=20240731T201500, start_date=20240731T201800, end_date=20240731T201801
[2024-07-31T20:18:01.198+0000] {local_task_job_runner.py:243} INFO - Task exited with return code 0
[2024-07-31T20:18:01.226+0000] {taskinstance.py:3503} INFO - 0 downstream tasks scheduled from follow-on schedule check
[2024-07-31T20:18:01.231+0000] {local_task_job_runner.py:222} INFO - ::endgroup::
